TN:
SF:server.js
FN:17,createApp
FN:23,(anonymous_1)
FN:31,(anonymous_2)
FN:36,(anonymous_3)
FN:55,createServer
FN:67,(anonymous_5)
FN:71,(anonymous_6)
FN:86,(anonymous_7)
FN:102,(anonymous_8)
FN:118,(anonymous_9)
FN:129,(anonymous_10)
FN:154,startServer
FN:165,(anonymous_12)
FNF:13
FNH:11
FNDA:2,createApp
FNDA:4,(anonymous_1)
FNDA:1,(anonymous_2)
FNDA:3,(anonymous_3)
FNDA:2,createServer
FNDA:3,(anonymous_5)
FNDA:0,(anonymous_6)
FNDA:3,(anonymous_7)
FNDA:3,(anonymous_8)
FNDA:3,(anonymous_9)
FNDA:0,(anonymous_10)
FNDA:1,startServer
FNDA:1,(anonymous_12)
DA:9,1
DA:15,1
DA:18,2
DA:20,2
DA:21,2
DA:23,2
DA:24,4
DA:25,0
DA:27,4
DA:31,2
DA:32,1
DA:36,2
DA:37,3
DA:38,3
DA:41,3
DA:48,3
DA:49,3
DA:52,2
DA:56,2
DA:57,2
DA:58,2
DA:67,2
DA:68,3
DA:71,3
DA:72,0
DA:75,0
DA:76,0
DA:77,0
DA:78,0
DA:79,0
DA:81,0
DA:86,3
DA:87,3
DA:89,3
DA:92,3
DA:101,3
DA:102,3
DA:105,3
DA:107,3
DA:108,3
DA:111,3
DA:113,0
DA:118,3
DA:119,3
DA:121,3
DA:123,3
DA:124,2
DA:125,2
DA:128,2
DA:129,2
DA:131,2
DA:133,2
DA:134,2
DA:136,0
DA:137,0
DA:140,0
DA:143,0
DA:146,0
DA:150,2
DA:155,1
DA:156,1
DA:161,1
DA:162,1
DA:163,1
DA:165,1
DA:166,1
DA:169,1
DA:171,0
DA:172,0
DA:179,1
DA:180,1
LF:71
LH:55
BRDA:24,0,0,0
BRDA:24,0,1,4
BRDA:76,1,0,0
BRDA:76,1,1,0
BRDA:124,2,0,2
BRDA:124,2,1,0
BRDA:131,3,0,2
BRDA:131,3,1,0
BRDA:163,4,0,1
BRDA:163,4,1,1
BRDA:179,5,0,1
BRDA:179,5,1,0
BRF:12
BRH:6
end_of_record
TN:
SF:models\Room.js
FNF:0
FNH:0
DA:3,1
LF:1
LH:1
BRF:0
BRH:0
end_of_record
TN:
SF:models\UserRoom.js
FNF:0
FNH:0
DA:3,1
LF:1
LH:1
BRF:0
BRH:0
end_of_record
